<?xml version="1.0" encoding="UTF-8"?>
<testng-results skipped="0" failed="1" ignored="6" retried="2" total="12" passed="3">
  <reporter-output>
  </reporter-output>
  <suite name="Suite" duration-ms="190878" started-at="2023-01-31T13:14:31 IST" finished-at="2023-01-31T13:17:42 IST">
    <groups>
      <group name="Sanity">
        <method signature="CashierReceiptPageTest.verifyReceiptsConfirmationByCashier(java.util.HashMap)[pri:0, instance:com.dcpl.testcase.CashierReceiptPageTest@8b87145]" name="verifyReceiptsConfirmationByCashier" class="com.dcpl.testcase.CashierReceiptPageTest"/>
        <method signature="OrderConfirmationPageTest.verifyOrderConfirmationByCashier(java.util.HashMap)[pri:0, instance:com.dcpl.testcase.OrderConfirmationPageTest@6483f5ae]" name="verifyOrderConfirmationByCashier" class="com.dcpl.testcase.OrderConfirmationPageTest"/>
        <method signature="StoreHeadConfirmationPageTest.verifyingOrderConfirmationByStoreHead(java.util.HashMap)[pri:0, instance:com.dcpl.testcase.StoreHeadConfirmationPageTest@b9afc07]" name="verifyingOrderConfirmationByStoreHead" class="com.dcpl.testcase.StoreHeadConfirmationPageTest"/>
      </group> <!-- Sanity -->
      <group name="Regression">
        <method signature="CashierReceiptPageTest.verifyReceiptsConfirmationByCashier(java.util.HashMap)[pri:0, instance:com.dcpl.testcase.CashierReceiptPageTest@8b87145]" name="verifyReceiptsConfirmationByCashier" class="com.dcpl.testcase.CashierReceiptPageTest"/>
        <method signature="CreateCustomerOrderTest.verifyCustomerOrderOrderKindNo(java.util.HashMap)[pri:0, instance:com.dcpl.testcase.CreateCustomerOrderTest@4bb4de6a]" name="verifyCustomerOrderOrderKindNo" class="com.dcpl.testcase.CreateCustomerOrderTest"/>
        <method signature="OrderConfirmationPageTest.verifyOrderConfirmationByCashier(java.util.HashMap)[pri:0, instance:com.dcpl.testcase.OrderConfirmationPageTest@6483f5ae]" name="verifyOrderConfirmationByCashier" class="com.dcpl.testcase.OrderConfirmationPageTest"/>
        <method signature="StoreHeadConfirmationPageTest.verifyingOrderConfirmationByStoreHead(java.util.HashMap)[pri:0, instance:com.dcpl.testcase.StoreHeadConfirmationPageTest@b9afc07]" name="verifyingOrderConfirmationByStoreHead" class="com.dcpl.testcase.StoreHeadConfirmationPageTest"/>
      </group> <!-- Regression -->
    </groups>
    <test name="RegressionTest" duration-ms="190878" started-at="2023-01-31T13:14:31 IST" finished-at="2023-01-31T13:17:42 IST">
      <class name="com.dcpl.testcase.CashierReceiptPageTest">
        <test-method status="PASS" signature="setUP(java.lang.String)[pri:0, instance:com.dcpl.testcase.CashierReceiptPageTest@8b87145]" name="setUP" is-config="true" duration-ms="4189" started-at="2023-01-31T13:15:36 IST" finished-at="2023-01-31T13:15:40 IST">
          <params>
            <param index="0">
              <value>
                <![CDATA[chrome]]>
              </value>
            </param>
          </params>
          <reporter-output>
          </reporter-output>
        </test-method> <!-- setUP -->
        <test-method status="PASS" signature="verifyReceiptsConfirmationByCashier(java.util.HashMap)[pri:0, instance:com.dcpl.testcase.CashierReceiptPageTest@8b87145]" name="verifyReceiptsConfirmationByCashier" duration-ms="11212" started-at="2023-01-31T13:15:40 IST" description="Verifying receipt confirmation by logging into cashier login page" data-provider="receiptsConfirmationPageData" finished-at="2023-01-31T13:15:51 IST">
          <params>
            <param index="0">
              <value>
                <![CDATA[{cashierhrms_id=15, cashierpassword=Pass@123}]]>
              </value>
            </param>
          </params>
          <reporter-output>
          </reporter-output>
        </test-method> <!-- verifyReceiptsConfirmationByCashier -->
        <test-method status="PASS" signature="closeWebApplication()[pri:0, instance:com.dcpl.testcase.CashierReceiptPageTest@8b87145]" name="closeWebApplication" is-config="true" duration-ms="6156" started-at="2023-01-31T13:15:51 IST" finished-at="2023-01-31T13:15:58 IST">
          <reporter-output>
          </reporter-output>
        </test-method> <!-- closeWebApplication -->
      </class> <!-- com.dcpl.testcase.CashierReceiptPageTest -->
      <class name="com.dcpl.testcase.StoreHeadConfirmationPageTest">
        <test-method status="PASS" signature="setUP(java.lang.String)[pri:0, instance:com.dcpl.testcase.StoreHeadConfirmationPageTest@b9afc07]" name="setUP" is-config="true" duration-ms="5922" started-at="2023-01-31T13:16:23 IST" finished-at="2023-01-31T13:16:29 IST">
          <params>
            <param index="0">
              <value>
                <![CDATA[chrome]]>
              </value>
            </param>
          </params>
          <reporter-output>
          </reporter-output>
        </test-method> <!-- setUP -->
        <test-method name="verifyingOrderConfirmationByStoreHead" signature="verifyingOrderConfirmationByStoreHead(java.util.HashMap)[pri:0, instance:com.dcpl.testcase.StoreHeadConfirmationPageTest@b9afc07]" retried="true" duration-ms="14543" status="SKIP" finished-at="2023-01-31T13:16:43 IST" started-at="2023-01-31T13:16:29 IST" data-provider="storeHeadConfirmationPageData" description="Verifying store head order confirmation by logging into store head login page">
          <params>
            <param index="0">
              <value>
                <![CDATA[{fromday=31, password=Pass@123, orderno=, frommonth=Jan, orderstatus=Ready, tomonth=Jan, salesexecutive=Hashmi, fromyear=2023, today=31, hrms_id=11, toyear=2023}]]>
              </value>
            </param>
          </params>
          <exception class="org.openqa.selenium.StaleElementReferenceException">
            <message>
              <![CDATA[stale element reference: element is not attached to the page document
  (Session info: chrome=109.0.5414.120)
For documentation on this error, please visit: https://selenium.dev/exceptions/#stale_element_reference
Build info: version: '4.3.0', revision: 'a4995e2c09*'
System info: host: 'HP', ip: '10.212.134.13', os.name: 'Windows 11', os.arch: 'amd64', os.version: '10.0', java.version: '1.8.0_341'
Driver info: org.openqa.selenium.chrome.ChromeDriver
Command: [aa0aa4c1ddc7ee4b460b13715b42150c, actions {actions=[org.openqa.selenium.interactions.Sequence@5dacf18d]}]
Capabilities {acceptInsecureCerts: false, browserName: chrome, browserVersion: 109.0.5414.120, chrome: {chromedriverVersion: 109.0.5414.74 (e7c5703604da..., userDataDir: C:\Users\USER\AppData\Local...}, goog:chromeOptions: {debuggerAddress: localhost:63254}, networkConnectionEnabled: false, pageLoadStrategy: normal, platformName: WINDOWS, proxy: Proxy(), se:cdp: ws://localhost:63254/devtoo..., se:cdpVersion: 109.0.5414.120, setWindowRect: true, strictFileInteractability: false, timeouts: {implicit: 0, pageLoad: 300000, script: 30000}, unhandledPromptBehavior: dismiss and notify, webauthn:extension:credBlob: true, webauthn:extension:largeBlob: true, webauthn:virtualAuthenticators: true}
Session ID: aa0aa4c1ddc7ee4b460b13715b42150c]]>
            </message>
            <full-stacktrace>
              <![CDATA[org.openqa.selenium.StaleElementReferenceException: stale element reference: element is not attached to the page document
  (Session info: chrome=109.0.5414.120)
For documentation on this error, please visit: https://selenium.dev/exceptions/#stale_element_reference
Build info: version: '4.3.0', revision: 'a4995e2c09*'
System info: host: 'HP', ip: '10.212.134.13', os.name: 'Windows 11', os.arch: 'amd64', os.version: '10.0', java.version: '1.8.0_341'
Driver info: org.openqa.selenium.chrome.ChromeDriver
Command: [aa0aa4c1ddc7ee4b460b13715b42150c, actions {actions=[org.openqa.selenium.interactions.Sequence@5dacf18d]}]
Capabilities {acceptInsecureCerts: false, browserName: chrome, browserVersion: 109.0.5414.120, chrome: {chromedriverVersion: 109.0.5414.74 (e7c5703604da..., userDataDir: C:\Users\USER\AppData\Local...}, goog:chromeOptions: {debuggerAddress: localhost:63254}, networkConnectionEnabled: false, pageLoadStrategy: normal, platformName: WINDOWS, proxy: Proxy(), se:cdp: ws://localhost:63254/devtoo..., se:cdpVersion: 109.0.5414.120, setWindowRect: true, strictFileInteractability: false, timeouts: {implicit: 0, pageLoad: 300000, script: 30000}, unhandledPromptBehavior: dismiss and notify, webauthn:extension:credBlob: true, webauthn:extension:largeBlob: true, webauthn:virtualAuthenticators: true}
Session ID: aa0aa4c1ddc7ee4b460b13715b42150c
at sun.reflect.NativeConstructorAccessorImpl.newInstance0(Native Method)
at sun.reflect.NativeConstructorAccessorImpl.newInstance(NativeConstructorAccessorImpl.java:62)
at sun.reflect.DelegatingConstructorAccessorImpl.newInstance(DelegatingConstructorAccessorImpl.java:45)
at java.lang.reflect.Constructor.newInstance(Constructor.java:423)
at org.openqa.selenium.remote.codec.w3c.W3CHttpResponseCodec.createException(W3CHttpResponseCodec.java:200)
at org.openqa.selenium.remote.codec.w3c.W3CHttpResponseCodec.decode(W3CHttpResponseCodec.java:133)
at org.openqa.selenium.remote.codec.w3c.W3CHttpResponseCodec.decode(W3CHttpResponseCodec.java:53)
at org.openqa.selenium.remote.HttpCommandExecutor.execute(HttpCommandExecutor.java:184)
at org.openqa.selenium.remote.service.DriverCommandExecutor.invokeExecute(DriverCommandExecutor.java:167)
at org.openqa.selenium.remote.service.DriverCommandExecutor.execute(DriverCommandExecutor.java:142)
at org.openqa.selenium.remote.RemoteWebDriver.execute(RemoteWebDriver.java:569)
at org.openqa.selenium.remote.RemoteWebDriver.perform(RemoteWebDriver.java:637)
at org.openqa.selenium.interactions.Actions$BuiltAction.perform(Actions.java:567)
at com.dcpl.actiondriver.Action.click(Action.java:64)
at com.dcpl.pageobjects.StoreHeadConfirmationPage.confirmTheOrder(StoreHeadConfirmationPage.java:135)
at com.dcpl.testcase.StoreHeadConfirmationPageTest.verifyingOrderConfirmationByStoreHead(StoreHeadConfirmationPageTest.java:54)
at sun.reflect.NativeMethodAccessorImpl.invoke0(Native Method)
at sun.reflect.NativeMethodAccessorImpl.invoke(NativeMethodAccessorImpl.java:62)
at sun.reflect.DelegatingMethodAccessorImpl.invoke(DelegatingMethodAccessorImpl.java:43)
at java.lang.reflect.Method.invoke(Method.java:498)
at org.testng.internal.MethodInvocationHelper.invokeMethod(MethodInvocationHelper.java:133)
at org.testng.internal.TestInvoker.invokeMethod(TestInvoker.java:598)
at org.testng.internal.TestInvoker.invokeTestMethod(TestInvoker.java:173)
at org.testng.internal.MethodRunner.runInSequence(MethodRunner.java:46)
at org.testng.internal.TestInvoker$MethodInvocationAgent.invoke(TestInvoker.java:824)
at org.testng.internal.TestInvoker.invokeTestMethods(TestInvoker.java:146)
at org.testng.internal.TestMethodWorker.invokeTestMethods(TestMethodWorker.java:146)
at org.testng.internal.TestMethodWorker.run(TestMethodWorker.java:128)
at java.util.ArrayList.forEach(ArrayList.java:1259)
at org.testng.TestRunner.privateRun(TestRunner.java:794)
at org.testng.TestRunner.run(TestRunner.java:596)
at org.testng.SuiteRunner.runTest(SuiteRunner.java:377)
at org.testng.SuiteRunner.runSequentially(SuiteRunner.java:371)
at org.testng.SuiteRunner.privateRun(SuiteRunner.java:332)
at org.testng.SuiteRunner.run(SuiteRunner.java:276)
at org.testng.SuiteRunnerWorker.runSuite(SuiteRunnerWorker.java:53)
at org.testng.SuiteRunnerWorker.run(SuiteRunnerWorker.java:96)
at org.testng.TestNG.runSuitesSequentially(TestNG.java:1212)
at org.testng.TestNG.runSuitesLocally(TestNG.java:1134)
at org.testng.TestNG.runSuites(TestNG.java:1063)
at org.testng.TestNG.run(TestNG.java:1031)
at org.testng.remote.AbstractRemoteTestNG.run(AbstractRemoteTestNG.java:115)
at org.testng.remote.RemoteTestNG.initAndRun(RemoteTestNG.java:251)
at org.testng.remote.RemoteTestNG.main(RemoteTestNG.java:77)
]]>
            </full-stacktrace>
          </exception> <!-- org.openqa.selenium.StaleElementReferenceException -->
          <reporter-output>
          </reporter-output>
        </test-method> <!-- verifyingOrderConfirmationByStoreHead -->
        <test-method status="PASS" signature="closeWebApplication()[pri:0, instance:com.dcpl.testcase.StoreHeadConfirmationPageTest@b9afc07]" name="closeWebApplication" is-config="true" duration-ms="6328" started-at="2023-01-31T13:16:43 IST" finished-at="2023-01-31T13:16:50 IST">
          <reporter-output>
          </reporter-output>
        </test-method> <!-- closeWebApplication -->
        <test-method status="PASS" signature="setUP(java.lang.String)[pri:0, instance:com.dcpl.testcase.StoreHeadConfirmationPageTest@b9afc07]" name="setUP" is-config="true" duration-ms="5415" started-at="2023-01-31T13:16:50 IST" finished-at="2023-01-31T13:16:55 IST">
          <params>
            <param index="0">
              <value>
                <![CDATA[chrome]]>
              </value>
            </param>
          </params>
          <reporter-output>
          </reporter-output>
        </test-method> <!-- setUP -->
        <test-method name="verifyingOrderConfirmationByStoreHead" signature="verifyingOrderConfirmationByStoreHead(java.util.HashMap)[pri:0, instance:com.dcpl.testcase.StoreHeadConfirmationPageTest@b9afc07]" retried="true" duration-ms="14977" status="SKIP" finished-at="2023-01-31T13:17:10 IST" started-at="2023-01-31T13:16:55 IST" data-provider="storeHeadConfirmationPageData" description="Verifying store head order confirmation by logging into store head login page">
          <params>
            <param index="0">
              <value>
                <![CDATA[{fromday=31, password=Pass@123, orderno=, frommonth=Jan, orderstatus=Ready, tomonth=Jan, salesexecutive=Hashmi, fromyear=2023, today=31, hrms_id=11, toyear=2023}]]>
              </value>
            </param>
          </params>
          <exception class="org.openqa.selenium.StaleElementReferenceException">
            <message>
              <![CDATA[stale element reference: element is not attached to the page document
  (Session info: chrome=109.0.5414.120)
For documentation on this error, please visit: https://selenium.dev/exceptions/#stale_element_reference
Build info: version: '4.3.0', revision: 'a4995e2c09*'
System info: host: 'HP', ip: '10.212.134.13', os.name: 'Windows 11', os.arch: 'amd64', os.version: '10.0', java.version: '1.8.0_341'
Driver info: org.openqa.selenium.chrome.ChromeDriver
Command: [19b8a7971bd711b917c56e68b1b412b8, actions {actions=[org.openqa.selenium.interactions.Sequence@602a3237]}]
Capabilities {acceptInsecureCerts: false, browserName: chrome, browserVersion: 109.0.5414.120, chrome: {chromedriverVersion: 109.0.5414.74 (e7c5703604da..., userDataDir: C:\Users\USER\AppData\Local...}, goog:chromeOptions: {debuggerAddress: localhost:63301}, networkConnectionEnabled: false, pageLoadStrategy: normal, platformName: WINDOWS, proxy: Proxy(), se:cdp: ws://localhost:63301/devtoo..., se:cdpVersion: 109.0.5414.120, setWindowRect: true, strictFileInteractability: false, timeouts: {implicit: 0, pageLoad: 300000, script: 30000}, unhandledPromptBehavior: dismiss and notify, webauthn:extension:credBlob: true, webauthn:extension:largeBlob: true, webauthn:virtualAuthenticators: true}
Session ID: 19b8a7971bd711b917c56e68b1b412b8]]>
            </message>
            <full-stacktrace>
              <![CDATA[org.openqa.selenium.StaleElementReferenceException: stale element reference: element is not attached to the page document
  (Session info: chrome=109.0.5414.120)
For documentation on this error, please visit: https://selenium.dev/exceptions/#stale_element_reference
Build info: version: '4.3.0', revision: 'a4995e2c09*'
System info: host: 'HP', ip: '10.212.134.13', os.name: 'Windows 11', os.arch: 'amd64', os.version: '10.0', java.version: '1.8.0_341'
Driver info: org.openqa.selenium.chrome.ChromeDriver
Command: [19b8a7971bd711b917c56e68b1b412b8, actions {actions=[org.openqa.selenium.interactions.Sequence@602a3237]}]
Capabilities {acceptInsecureCerts: false, browserName: chrome, browserVersion: 109.0.5414.120, chrome: {chromedriverVersion: 109.0.5414.74 (e7c5703604da..., userDataDir: C:\Users\USER\AppData\Local...}, goog:chromeOptions: {debuggerAddress: localhost:63301}, networkConnectionEnabled: false, pageLoadStrategy: normal, platformName: WINDOWS, proxy: Proxy(), se:cdp: ws://localhost:63301/devtoo..., se:cdpVersion: 109.0.5414.120, setWindowRect: true, strictFileInteractability: false, timeouts: {implicit: 0, pageLoad: 300000, script: 30000}, unhandledPromptBehavior: dismiss and notify, webauthn:extension:credBlob: true, webauthn:extension:largeBlob: true, webauthn:virtualAuthenticators: true}
Session ID: 19b8a7971bd711b917c56e68b1b412b8
at sun.reflect.NativeConstructorAccessorImpl.newInstance0(Native Method)
at sun.reflect.NativeConstructorAccessorImpl.newInstance(NativeConstructorAccessorImpl.java:62)
at sun.reflect.DelegatingConstructorAccessorImpl.newInstance(DelegatingConstructorAccessorImpl.java:45)
at java.lang.reflect.Constructor.newInstance(Constructor.java:423)
at org.openqa.selenium.remote.codec.w3c.W3CHttpResponseCodec.createException(W3CHttpResponseCodec.java:200)
at org.openqa.selenium.remote.codec.w3c.W3CHttpResponseCodec.decode(W3CHttpResponseCodec.java:133)
at org.openqa.selenium.remote.codec.w3c.W3CHttpResponseCodec.decode(W3CHttpResponseCodec.java:53)
at org.openqa.selenium.remote.HttpCommandExecutor.execute(HttpCommandExecutor.java:184)
at org.openqa.selenium.remote.service.DriverCommandExecutor.invokeExecute(DriverCommandExecutor.java:167)
at org.openqa.selenium.remote.service.DriverCommandExecutor.execute(DriverCommandExecutor.java:142)
at org.openqa.selenium.remote.RemoteWebDriver.execute(RemoteWebDriver.java:569)
at org.openqa.selenium.remote.RemoteWebDriver.perform(RemoteWebDriver.java:637)
at org.openqa.selenium.interactions.Actions$BuiltAction.perform(Actions.java:567)
at com.dcpl.actiondriver.Action.click(Action.java:64)
at com.dcpl.pageobjects.StoreHeadConfirmationPage.confirmTheOrder(StoreHeadConfirmationPage.java:135)
at com.dcpl.testcase.StoreHeadConfirmationPageTest.verifyingOrderConfirmationByStoreHead(StoreHeadConfirmationPageTest.java:54)
at sun.reflect.NativeMethodAccessorImpl.invoke0(Native Method)
at sun.reflect.NativeMethodAccessorImpl.invoke(NativeMethodAccessorImpl.java:62)
at sun.reflect.DelegatingMethodAccessorImpl.invoke(DelegatingMethodAccessorImpl.java:43)
at java.lang.reflect.Method.invoke(Method.java:498)
at org.testng.internal.MethodInvocationHelper.invokeMethod(MethodInvocationHelper.java:133)
at org.testng.internal.TestInvoker.invokeMethod(TestInvoker.java:598)
at org.testng.internal.TestInvoker.retryFailed(TestInvoker.java:213)
at org.testng.internal.MethodRunner.runInSequence(MethodRunner.java:58)
at org.testng.internal.TestInvoker$MethodInvocationAgent.invoke(TestInvoker.java:824)
at org.testng.internal.TestInvoker.invokeTestMethods(TestInvoker.java:146)
at org.testng.internal.TestMethodWorker.invokeTestMethods(TestMethodWorker.java:146)
at org.testng.internal.TestMethodWorker.run(TestMethodWorker.java:128)
at java.util.ArrayList.forEach(ArrayList.java:1259)
at org.testng.TestRunner.privateRun(TestRunner.java:794)
at org.testng.TestRunner.run(TestRunner.java:596)
at org.testng.SuiteRunner.runTest(SuiteRunner.java:377)
at org.testng.SuiteRunner.runSequentially(SuiteRunner.java:371)
at org.testng.SuiteRunner.privateRun(SuiteRunner.java:332)
at org.testng.SuiteRunner.run(SuiteRunner.java:276)
at org.testng.SuiteRunnerWorker.runSuite(SuiteRunnerWorker.java:53)
at org.testng.SuiteRunnerWorker.run(SuiteRunnerWorker.java:96)
at org.testng.TestNG.runSuitesSequentially(TestNG.java:1212)
at org.testng.TestNG.runSuitesLocally(TestNG.java:1134)
at org.testng.TestNG.runSuites(TestNG.java:1063)
at org.testng.TestNG.run(TestNG.java:1031)
at org.testng.remote.AbstractRemoteTestNG.run(AbstractRemoteTestNG.java:115)
at org.testng.remote.RemoteTestNG.initAndRun(RemoteTestNG.java:251)
at org.testng.remote.RemoteTestNG.main(RemoteTestNG.java:77)
]]>
            </full-stacktrace>
          </exception> <!-- org.openqa.selenium.StaleElementReferenceException -->
          <reporter-output>
          </reporter-output>
        </test-method> <!-- verifyingOrderConfirmationByStoreHead -->
        <test-method status="PASS" signature="closeWebApplication()[pri:0, instance:com.dcpl.testcase.StoreHeadConfirmationPageTest@b9afc07]" name="closeWebApplication" is-config="true" duration-ms="6319" started-at="2023-01-31T13:17:10 IST" finished-at="2023-01-31T13:17:16 IST">
          <reporter-output>
          </reporter-output>
        </test-method> <!-- closeWebApplication -->
        <test-method status="PASS" signature="setUP(java.lang.String)[pri:0, instance:com.dcpl.testcase.StoreHeadConfirmationPageTest@b9afc07]" name="setUP" is-config="true" duration-ms="4058" started-at="2023-01-31T13:17:17 IST" finished-at="2023-01-31T13:17:21 IST">
          <params>
            <param index="0">
              <value>
                <![CDATA[chrome]]>
              </value>
            </param>
          </params>
          <reporter-output>
          </reporter-output>
        </test-method> <!-- setUP -->
        <test-method status="FAIL" signature="verifyingOrderConfirmationByStoreHead(java.util.HashMap)[pri:0, instance:com.dcpl.testcase.StoreHeadConfirmationPageTest@b9afc07]" name="verifyingOrderConfirmationByStoreHead" duration-ms="14416" started-at="2023-01-31T13:17:21 IST" description="Verifying store head order confirmation by logging into store head login page" data-provider="storeHeadConfirmationPageData" finished-at="2023-01-31T13:17:35 IST">
          <params>
            <param index="0">
              <value>
                <![CDATA[{fromday=31, password=Pass@123, orderno=, frommonth=Jan, orderstatus=Ready, tomonth=Jan, salesexecutive=Hashmi, fromyear=2023, today=31, hrms_id=11, toyear=2023}]]>
              </value>
            </param>
          </params>
          <exception class="org.openqa.selenium.StaleElementReferenceException">
            <message>
              <![CDATA[stale element reference: element is not attached to the page document
  (Session info: chrome=109.0.5414.120)
For documentation on this error, please visit: https://selenium.dev/exceptions/#stale_element_reference
Build info: version: '4.3.0', revision: 'a4995e2c09*'
System info: host: 'HP', ip: '10.212.134.13', os.name: 'Windows 11', os.arch: 'amd64', os.version: '10.0', java.version: '1.8.0_341'
Driver info: org.openqa.selenium.chrome.ChromeDriver
Command: [a6e063abaff2691c66fd6fc14a6c9c10, actions {actions=[org.openqa.selenium.interactions.Sequence@3a5e4f32]}]
Capabilities {acceptInsecureCerts: false, browserName: chrome, browserVersion: 109.0.5414.120, chrome: {chromedriverVersion: 109.0.5414.74 (e7c5703604da..., userDataDir: C:\Users\USER\AppData\Local...}, goog:chromeOptions: {debuggerAddress: localhost:63351}, networkConnectionEnabled: false, pageLoadStrategy: normal, platformName: WINDOWS, proxy: Proxy(), se:cdp: ws://localhost:63351/devtoo..., se:cdpVersion: 109.0.5414.120, setWindowRect: true, strictFileInteractability: false, timeouts: {implicit: 0, pageLoad: 300000, script: 30000}, unhandledPromptBehavior: dismiss and notify, webauthn:extension:credBlob: true, webauthn:extension:largeBlob: true, webauthn:virtualAuthenticators: true}
Session ID: a6e063abaff2691c66fd6fc14a6c9c10]]>
            </message>
            <full-stacktrace>
              <![CDATA[org.openqa.selenium.StaleElementReferenceException: stale element reference: element is not attached to the page document
  (Session info: chrome=109.0.5414.120)
For documentation on this error, please visit: https://selenium.dev/exceptions/#stale_element_reference
Build info: version: '4.3.0', revision: 'a4995e2c09*'
System info: host: 'HP', ip: '10.212.134.13', os.name: 'Windows 11', os.arch: 'amd64', os.version: '10.0', java.version: '1.8.0_341'
Driver info: org.openqa.selenium.chrome.ChromeDriver
Command: [a6e063abaff2691c66fd6fc14a6c9c10, actions {actions=[org.openqa.selenium.interactions.Sequence@3a5e4f32]}]
Capabilities {acceptInsecureCerts: false, browserName: chrome, browserVersion: 109.0.5414.120, chrome: {chromedriverVersion: 109.0.5414.74 (e7c5703604da..., userDataDir: C:\Users\USER\AppData\Local...}, goog:chromeOptions: {debuggerAddress: localhost:63351}, networkConnectionEnabled: false, pageLoadStrategy: normal, platformName: WINDOWS, proxy: Proxy(), se:cdp: ws://localhost:63351/devtoo..., se:cdpVersion: 109.0.5414.120, setWindowRect: true, strictFileInteractability: false, timeouts: {implicit: 0, pageLoad: 300000, script: 30000}, unhandledPromptBehavior: dismiss and notify, webauthn:extension:credBlob: true, webauthn:extension:largeBlob: true, webauthn:virtualAuthenticators: true}
Session ID: a6e063abaff2691c66fd6fc14a6c9c10
at sun.reflect.NativeConstructorAccessorImpl.newInstance0(Native Method)
at sun.reflect.NativeConstructorAccessorImpl.newInstance(NativeConstructorAccessorImpl.java:62)
at sun.reflect.DelegatingConstructorAccessorImpl.newInstance(DelegatingConstructorAccessorImpl.java:45)
at java.lang.reflect.Constructor.newInstance(Constructor.java:423)
at org.openqa.selenium.remote.codec.w3c.W3CHttpResponseCodec.createException(W3CHttpResponseCodec.java:200)
at org.openqa.selenium.remote.codec.w3c.W3CHttpResponseCodec.decode(W3CHttpResponseCodec.java:133)
at org.openqa.selenium.remote.codec.w3c.W3CHttpResponseCodec.decode(W3CHttpResponseCodec.java:53)
at org.openqa.selenium.remote.HttpCommandExecutor.execute(HttpCommandExecutor.java:184)
at org.openqa.selenium.remote.service.DriverCommandExecutor.invokeExecute(DriverCommandExecutor.java:167)
at org.openqa.selenium.remote.service.DriverCommandExecutor.execute(DriverCommandExecutor.java:142)
at org.openqa.selenium.remote.RemoteWebDriver.execute(RemoteWebDriver.java:569)
at org.openqa.selenium.remote.RemoteWebDriver.perform(RemoteWebDriver.java:637)
at org.openqa.selenium.interactions.Actions$BuiltAction.perform(Actions.java:567)
at com.dcpl.actiondriver.Action.click(Action.java:64)
at com.dcpl.pageobjects.StoreHeadConfirmationPage.confirmTheOrder(StoreHeadConfirmationPage.java:135)
at com.dcpl.testcase.StoreHeadConfirmationPageTest.verifyingOrderConfirmationByStoreHead(StoreHeadConfirmationPageTest.java:54)
at sun.reflect.NativeMethodAccessorImpl.invoke0(Native Method)
at sun.reflect.NativeMethodAccessorImpl.invoke(NativeMethodAccessorImpl.java:62)
at sun.reflect.DelegatingMethodAccessorImpl.invoke(DelegatingMethodAccessorImpl.java:43)
at java.lang.reflect.Method.invoke(Method.java:498)
at org.testng.internal.MethodInvocationHelper.invokeMethod(MethodInvocationHelper.java:133)
at org.testng.internal.TestInvoker.invokeMethod(TestInvoker.java:598)
at org.testng.internal.TestInvoker.retryFailed(TestInvoker.java:213)
at org.testng.internal.MethodRunner.runInSequence(MethodRunner.java:58)
at org.testng.internal.TestInvoker$MethodInvocationAgent.invoke(TestInvoker.java:824)
at org.testng.internal.TestInvoker.invokeTestMethods(TestInvoker.java:146)
at org.testng.internal.TestMethodWorker.invokeTestMethods(TestMethodWorker.java:146)
at org.testng.internal.TestMethodWorker.run(TestMethodWorker.java:128)
at java.util.ArrayList.forEach(ArrayList.java:1259)
at org.testng.TestRunner.privateRun(TestRunner.java:794)
at org.testng.TestRunner.run(TestRunner.java:596)
at org.testng.SuiteRunner.runTest(SuiteRunner.java:377)
at org.testng.SuiteRunner.runSequentially(SuiteRunner.java:371)
at org.testng.SuiteRunner.privateRun(SuiteRunner.java:332)
at org.testng.SuiteRunner.run(SuiteRunner.java:276)
at org.testng.SuiteRunnerWorker.runSuite(SuiteRunnerWorker.java:53)
at org.testng.SuiteRunnerWorker.run(SuiteRunnerWorker.java:96)
at org.testng.TestNG.runSuitesSequentially(TestNG.java:1212)
at org.testng.TestNG.runSuitesLocally(TestNG.java:1134)
at org.testng.TestNG.runSuites(TestNG.java:1063)
at org.testng.TestNG.run(TestNG.java:1031)
at org.testng.remote.AbstractRemoteTestNG.run(AbstractRemoteTestNG.java:115)
at org.testng.remote.RemoteTestNG.initAndRun(RemoteTestNG.java:251)
at org.testng.remote.RemoteTestNG.main(RemoteTestNG.java:77)
]]>
            </full-stacktrace>
          </exception> <!-- org.openqa.selenium.StaleElementReferenceException -->
          <reporter-output>
          </reporter-output>
        </test-method> <!-- verifyingOrderConfirmationByStoreHead -->
        <test-method status="PASS" signature="closeWebApplication()[pri:0, instance:com.dcpl.testcase.StoreHeadConfirmationPageTest@b9afc07]" name="closeWebApplication" is-config="true" duration-ms="6415" started-at="2023-01-31T13:17:35 IST" finished-at="2023-01-31T13:17:42 IST">
          <reporter-output>
          </reporter-output>
        </test-method> <!-- closeWebApplication -->
      </class> <!-- com.dcpl.testcase.StoreHeadConfirmationPageTest -->
      <class name="com.dcpl.testcase.OrderConfirmationPageTest">
        <test-method status="PASS" signature="setUP(java.lang.String)[pri:0, instance:com.dcpl.testcase.OrderConfirmationPageTest@6483f5ae]" name="setUP" is-config="true" duration-ms="4297" started-at="2023-01-31T13:15:58 IST" finished-at="2023-01-31T13:16:02 IST">
          <params>
            <param index="0">
              <value>
                <![CDATA[chrome]]>
              </value>
            </param>
          </params>
          <reporter-output>
          </reporter-output>
        </test-method> <!-- setUP -->
        <test-method status="PASS" signature="verifyOrderConfirmationByCashier(java.util.HashMap)[pri:0, instance:com.dcpl.testcase.OrderConfirmationPageTest@6483f5ae]" name="verifyOrderConfirmationByCashier" duration-ms="13797" started-at="2023-01-31T13:16:02 IST" description="Verifying order confirmation page by logging into cashier login page" data-provider="OrderConfirmationPageData" finished-at="2023-01-31T13:16:16 IST">
          <params>
            <param index="0">
              <value>
                <![CDATA[{fromday=31, password=Pass@123, orderno=, frommonth=Jan, tomonth=Jan, salesexecutive=Hashmi, fromyear=2023, today=31, hrms_id=15, toyear=2023}]]>
              </value>
            </param>
          </params>
          <reporter-output>
          </reporter-output>
        </test-method> <!-- verifyOrderConfirmationByCashier -->
        <test-method status="PASS" signature="closeWebApplication()[pri:0, instance:com.dcpl.testcase.OrderConfirmationPageTest@6483f5ae]" name="closeWebApplication" is-config="true" duration-ms="6623" started-at="2023-01-31T13:16:16 IST" finished-at="2023-01-31T13:16:23 IST">
          <reporter-output>
          </reporter-output>
        </test-method> <!-- closeWebApplication -->
      </class> <!-- com.dcpl.testcase.OrderConfirmationPageTest -->
      <class name="com.dcpl.testcase.CreateCustomerOrderTest">
        <test-method status="PASS" signature="readConfig()[pri:0, instance:com.dcpl.testcase.CreateCustomerOrderTest@4bb4de6a]" name="readConfig" is-config="true" duration-ms="470" started-at="2023-01-31T13:14:30 IST" finished-at="2023-01-31T13:14:31 IST">
          <reporter-output>
          </reporter-output>
        </test-method> <!-- readConfig -->
        <test-method status="PASS" signature="setUP(java.lang.String)[pri:0, instance:com.dcpl.testcase.CreateCustomerOrderTest@4bb4de6a]" name="setUP" is-config="true" duration-ms="12731" started-at="2023-01-31T13:14:33 IST" finished-at="2023-01-31T13:14:45 IST">
          <params>
            <param index="0">
              <value>
                <![CDATA[chrome]]>
              </value>
            </param>
          </params>
          <reporter-output>
          </reporter-output>
        </test-method> <!-- setUP -->
        <test-method status="PASS" signature="verifyCustomerOrderOrderKindNo(java.util.HashMap)[pri:0, instance:com.dcpl.testcase.CreateCustomerOrderTest@4bb4de6a]" name="verifyCustomerOrderOrderKindNo" duration-ms="44331" started-at="2023-01-31T13:14:45 IST" data-provider="createCustomerOrderPageData" finished-at="2023-01-31T13:15:30 IST">
          <params>
            <param index="0">
              <value>
                <![CDATA[{customerContactNumber=9746764977, dueDateYear=2023, firstGiftVoucherNumber=23, subCategory=1, chequeDay=31, intimation=Yes, payAdvAmount=5000.00, chequeNumber=415263, type=Debit Card, vendorCode=BKK, password=Pass@123, intimationMode=Mail, deliveryAddress=Yes, cardBank=AXIS, occasiondate=31, lengthSearch=7.5", Pieces=1, cardAmount=25000.00, adjustmentNumber=6, customerLoyaltyCard=, metalColor=1, adjustType=Payment Voucher, orderKind=New Order-NO, cardExpiryMonth=3, customerName=Ali Hashmi, fromWeightRange=1, metalWeightType=Range, hookTypeSearch=U Hook, occasionyear=2023, customerID=8, jewelType=Necklace, expectedWeightRange=100, adjustmentAmount=1000.00, segmentType=Gold, cardNumber=4152639685, occasion=Self, chequeDDType=cheque, toWeightRange=100, cardBankName=Axis Bank, cardExpiryYear=2024, bankName=Axis Bank, hrms_id=75, polishTypeSearch=Matt Finish, skinPurity=1, nameOnCard=Hashmi, dueDateMonth=Jan, salesExecutiveID=4, accNumber=5263415296857485, occasionmonth=Jan, accHolderName=Hashmi, cardType=RUPAY, branchName=Banshankari, authID=41526, payModesOption1=Cash, chequeMonth=Jan, payModesOption2=ChequeDD, chequeAmount=5000.00, MultipleMode=No, chequeYear=2023, settingTypeSearch=Open Setting, dueDateDay=31, mainCategory=1, secondGiftVoucherNumber=24, payAdvOption=Yes, noOfGiftVouchers=2, printNameInBill=No, occasionRemarks=Automation testing, CashAmount=5000.00}]]>
              </value>
            </param>
          </params>
          <reporter-output>
          </reporter-output>
        </test-method> <!-- verifyCustomerOrderOrderKindNo -->
        <test-method status="PASS" signature="closeWebApplication()[pri:0, instance:com.dcpl.testcase.CreateCustomerOrderTest@4bb4de6a]" name="closeWebApplication" is-config="true" duration-ms="6190" started-at="2023-01-31T13:15:30 IST" finished-at="2023-01-31T13:15:36 IST">
          <reporter-output>
          </reporter-output>
        </test-method> <!-- closeWebApplication -->
        <test-method status="PASS" signature="afterSuite()[pri:0, instance:com.dcpl.testcase.CreateCustomerOrderTest@4bb4de6a]" name="afterSuite" is-config="true" duration-ms="873" started-at="2023-01-31T13:17:42 IST" finished-at="2023-01-31T13:17:43 IST">
          <reporter-output>
          </reporter-output>
        </test-method> <!-- afterSuite -->
      </class> <!-- com.dcpl.testcase.CreateCustomerOrderTest -->
    </test> <!-- RegressionTest -->
  </suite> <!-- Suite -->
</testng-results>
